C:\DOCUMENTS AND SETTINGS\MAHE\MY DOCUMENTS\VISUAL STUDIO 2010\PROJECTS\TICTOETAC\TICTOETAC\DEBUG\TICTOETAC.PCH
C:\DOCUMENTS AND SETTINGS\MAHE\MY DOCUMENTS\VISUAL STUDIO 2010\PROJECTS\TICTOETAC\TICTOETAC\DEBUG\STDAFX.OBJ
C:\DOCUMENTS AND SETTINGS\MAHE\MY DOCUMENTS\VISUAL STUDIO 2010\PROJECTS\TICTOETAC\TICTOETAC\DEBUG\VC100.PDB
C:\DOCUMENTS AND SETTINGS\MAHE\MY DOCUMENTS\VISUAL STUDIO 2010\PROJECTS\TICTOETAC\TICTOETAC\DEBUG\TICTOETAC.OBJ
C:\DOCUMENTS AND SETTINGS\MAHE\MY DOCUMENTS\VISUAL STUDIO 2010\PROJECTS\TICTOETAC\DEBUG\TICTOETAC.ILK
C:\DOCUMENTS AND SETTINGS\MAHE\MY DOCUMENTS\VISUAL STUDIO 2010\PROJECTS\TICTOETAC\DEBUG\TICTOETAC.EXE
C:\DOCUMENTS AND SETTINGS\MAHE\MY DOCUMENTS\VISUAL STUDIO 2010\PROJECTS\TICTOETAC\TICTOETAC\DEBUG\TICTOETAC.EXE.INTERMEDIATE.MANIFEST
C:\DOCUMENTS AND SETTINGS\MAHE\MY DOCUMENTS\VISUAL STUDIO 2010\PROJECTS\TICTOETAC\DEBUG\TICTOETAC.PDB
C:\DOCUMENTS AND SETTINGS\MAHE\MY DOCUMENTS\VISUAL STUDIO 2010\PROJECTS\TICTOETAC\TICTOETAC\DEBUG\TICTOETAC.EXE.EMBED.MANIFEST
C:\DOCUMENTS AND SETTINGS\MAHE\MY DOCUMENTS\VISUAL STUDIO 2010\PROJECTS\TICTOETAC\TICTOETAC\DEBUG\TICTOETAC.EXE.EMBED.MANIFEST.RES
E:\Study\MIT\2nd Sem\AI\tictoetac\tictoetac\Debug\stdafx.obj
E:\Study\MIT\2nd Sem\AI\tictoetac\tictoetac\Debug\tictoetac.obj
E:\Study\MIT\2nd Sem\AI\tictoetac\tictoetac\Debug\cl.command.1.tlog
E:\Study\MIT\2nd Sem\AI\tictoetac\tictoetac\Debug\CL.read.1.tlog
E:\Study\MIT\2nd Sem\AI\tictoetac\tictoetac\Debug\CL.write.1.tlog
E:\Study\MIT\2nd Sem\AI\tictoetac\tictoetac\Debug\link-cvtres.read.1.tlog
E:\Study\MIT\2nd Sem\AI\tictoetac\tictoetac\Debug\link-cvtres.write.1.tlog
E:\Study\MIT\2nd Sem\AI\tictoetac\tictoetac\Debug\link.128-cvtres.read.1.tlog
E:\Study\MIT\2nd Sem\AI\tictoetac\tictoetac\Debug\link.128-cvtres.write.1.tlog
E:\Study\MIT\2nd Sem\AI\tictoetac\tictoetac\Debug\link.128.read.1.tlog
E:\Study\MIT\2nd Sem\AI\tictoetac\tictoetac\Debug\link.128.write.1.tlog
E:\Study\MIT\2nd Sem\AI\tictoetac\tictoetac\Debug\link.1676-cvtres.read.1.tlog
E:\Study\MIT\2nd Sem\AI\tictoetac\tictoetac\Debug\link.1676-cvtres.write.1.tlog
E:\Study\MIT\2nd Sem\AI\tictoetac\tictoetac\Debug\link.1676.read.1.tlog
E:\Study\MIT\2nd Sem\AI\tictoetac\tictoetac\Debug\link.1676.write.1.tlog
E:\Study\MIT\2nd Sem\AI\tictoetac\tictoetac\Debug\link.3296-cvtres.read.1.tlog
E:\Study\MIT\2nd Sem\AI\tictoetac\tictoetac\Debug\link.3296-cvtres.write.1.tlog
E:\Study\MIT\2nd Sem\AI\tictoetac\tictoetac\Debug\link.3296.read.1.tlog
E:\Study\MIT\2nd Sem\AI\tictoetac\tictoetac\Debug\link.3296.write.1.tlog
E:\Study\MIT\2nd Sem\AI\tictoetac\tictoetac\Debug\link.command.1.tlog
E:\Study\MIT\2nd Sem\AI\tictoetac\tictoetac\Debug\link.read.1.tlog
E:\Study\MIT\2nd Sem\AI\tictoetac\tictoetac\Debug\link.write.1.tlog
E:\Study\MIT\2nd Sem\AI\tictoetac\tictoetac\Debug\mt.command.1.tlog
E:\Study\MIT\2nd Sem\AI\tictoetac\tictoetac\Debug\mt.read.1.tlog
E:\Study\MIT\2nd Sem\AI\tictoetac\tictoetac\Debug\mt.write.1.tlog
E:\Study\MIT\2nd Sem\AI\tictoetac\tictoetac\Debug\rc.command.1.tlog
E:\Study\MIT\2nd Sem\AI\tictoetac\tictoetac\Debug\rc.read.1.tlog
E:\Study\MIT\2nd Sem\AI\tictoetac\tictoetac\Debug\rc.write.1.tlog
E:\Study\MIT\2nd Sem\AI\tictoetac\tictoetac\Debug\tictoetac.exe.embed.manifest
E:\Study\MIT\2nd Sem\AI\tictoetac\tictoetac\Debug\tictoetac.exe.intermediate.manifest
E:\Study\MIT\2nd Sem\AI\tictoetac\tictoetac\Debug\tictoetac.exe.embed.manifest.res
E:\Study\MIT\2nd Sem\AI\tictoetac\tictoetac\Debug\tictoetac.pch
E:\Study\MIT\2nd Sem\AI\tictoetac\tictoetac\Debug\vc100.idb
E:\Study\MIT\2nd Sem\AI\tictoetac\tictoetac\Debug\vc100.pdb
E:\Study\MIT\2nd Sem\AI\tictoetac\tictoetac\Debug\tictoetac_manifest.rc
E:\Study\MIT\2nd Sem\AI\tictoetac\Debug\tictoetac.pdb
E:\Study\MIT\2nd Sem\AI\tictoetac\Debug\tictoetac.exe
E:\Study\MIT\2nd Sem\AI\tictoetac\Debug\tictoetac.ilk
